2011.09.02 13:34 B C:\borrar\date demo\css\smoothness\jquery-ui-1.8.16.custom.css --> myday.com.mx /demo/admin/css/smoothness jquery-ui-1.8.16.custom.css
2011.09.09 19:26 B C:\borrar\date demo\css\smoothness\jquery-ui-1.8.16.custom.css --> myday.com.mx /bodas/admin/css/smoothness jquery-ui-1.8.16.custom.css
2012.02.01 18:18 B C:\proyectos\melek\diseño\css\smoothness\WS_FTP.LOG <-- myday.com.m /bodas/admin/css/smoothness WS_FTP.LOG
2012.02.01 18:19 B C:\proyectos\melek\diseño\css\smoothness\jquery-ui-1.8.16.custom.css --> www.mail2mex.com /css/smoothness jquery-ui-1.8.16.custom.css
2012.02.01 18:19 B C:\proyectos\melek\diseño\css\smoothness\WS_FTP.LOG --> www.mail2mex.com /css/smoothness WS_FTP.LOG
2012.03.06 00:19 B C:\proyectos\melek\diseño\css\smoothness\jquery-ui-1.8.16.custom.css --> 168.143.54.44 /www/postales/css/smoothness jquery-ui-1.8.16.custom.css
2012.03.06 00:19 B C:\proyectos\melek\diseño\css\smoothness\WS_FTP.LOG --> 168.143.54.44 /www/postales/css/smoothness WS_FTP.LOG
2012.12.22 23:09 B C:\myDrive\Google Drive\proyectos\bautyroom\sitio\css\smoothness\WS_FTP.LOG --> be-beautyroom.com /css/smoothness WS_FTP.LOG
2012.12.22 23:09 B C:\myDrive\Google Drive\proyectos\bautyroom\sitio\css\smoothness\jquery-ui-1.8.16.custom.css --> be-beautyroom.com /css/smoothness jquery-ui-1.8.16.custom.css
2013.01.08 16:41 B C:\myDrive\Google Drive\proyectos\addHR\sitio\css\smoothness\jquery-ui-1.8.16.custom.css --> 75.127.85.5 /public_html/demo/css/smoothness jquery-ui-1.8.16.custom.css
2013.01.08 16:41 B C:\myDrive\Google Drive\proyectos\addHR\sitio\css\smoothness\WS_FTP.LOG --> 75.127.85.5 /public_html/demo/css/smoothness WS_FTP.LOG
2013.10.23 10:31 B C:\myDrive\Google Drive\proyectos\addHR\sitio\css\smoothness\jquery-ui-1.8.16.custom.css --> www.bluewolf.com.mx /css/smoothness jquery-ui-1.8.16.custom.css
2013.10.23 10:31 B C:\myDrive\Google Drive\proyectos\addHR\sitio\css\smoothness\WS_FTP.LOG --> www.bluewolf.com.mx /css/smoothness WS_FTP.LOG
2014.01.13 09:56 B C:\Users\lucia\Google Drive2\addHR\sitio\css\smoothness\desktop.ini --> ftp.creditosobrenomina.com /control/css/smoothness desktop.ini
2014.01.13 09:56 B C:\Users\lucia\Google Drive2\addHR\sitio\css\smoothness\jquery-ui-1.8.16.custom.css --> ftp.creditosobrenomina.com /control/css/smoothness jquery-ui-1.8.16.custom.css
2014.01.13 09:56 B C:\Users\lucia\Google Drive2\addHR\sitio\css\smoothness\WS_FTP.LOG --> ftp.creditosobrenomina.com /control/css/smoothness WS_FTP.LOG
2014.01.13 11:45 B C:\Users\lucia\Google Drive2\addHR\sitio\css\smoothness\desktop.ini --> aya-express.com /servicios/css/smoothness desktop.ini
2014.01.13 11:45 B C:\Users\lucia\Google Drive2\addHR\sitio\css\smoothness\jquery-ui-1.8.16.custom.css --> aya-express.com /servicios/css/smoothness jquery-ui-1.8.16.custom.css
2014.01.13 11:45 B C:\Users\lucia\Google Drive2\addHR\sitio\css\smoothness\WS_FTP.LOG --> aya-express.com /servicios/css/smoothness WS_FTP.LOG
2014.01.14 11:45 B C:\Users\lucia\Google Drive2\addHR\sitio\css\smoothness\desktop.ini --> aya-express.com /css/smoothness desktop.ini
2014.01.14 11:45 B C:\Users\lucia\Google Drive2\addHR\sitio\css\smoothness\jquery-ui-1.8.16.custom.css --> aya-express.com /css/smoothness jquery-ui-1.8.16.custom.css
2014.01.14 11:45 B C:\Users\lucia\Google Drive2\addHR\sitio\css\smoothness\WS_FTP.LOG --> aya-express.com /css/smoothness WS_FTP.LOG
2014.01.14 13:44 B C:\myDrive\Google Drive\proyectos\textron\sitio\css\smoothness\desktop.ini --> tim-pmp.com /public_html/css/smoothness desktop.ini
2014.01.14 13:44 B C:\myDrive\Google Drive\proyectos\textron\sitio\css\smoothness\WS_FTP.LOG --> tim-pmp.com /public_html/css/smoothness WS_FTP.LOG
2014.01.14 13:44 B C:\myDrive\Google Drive\proyectos\textron\sitio\css\smoothness\jquery-ui-1.8.16.custom.css --> tim-pmp.com /public_html/css/smoothness jquery-ui-1.8.16.custom.css
2014.03.25 18:30 B c:\myDrive\Google Drive\proyectos\textron\produccion\css\smoothness\desktop.ini --> tim-pmp.com /public_html/produccion/css/smoothness desktop.ini
2014.03.25 18:30 B c:\myDrive\Google Drive\proyectos\textron\produccion\css\smoothness\jquery-ui-1.8.16.custom.css --> tim-pmp.com /public_html/produccion/css/smoothness jquery-ui-1.8.16.custom.css
2014.09.26 11:18 B C:\Users\redkey\Google Drive 2\textron OC\sitio\css\smoothness\desktop.ini --> bluewolfonline.com /public_html/scouts/css/smoothness desktop.ini
2014.09.26 11:18 B C:\Users\redkey\Google Drive 2\textron OC\sitio\css\smoothness\jquery-ui-1.8.16.custom.css --> bluewolfonline.com /public_html/scouts/css/smoothness jquery-ui-1.8.16.custom.css
2014.09.26 11:18 B C:\Users\redkey\Google Drive 2\textron OC\sitio\css\smoothness\WS_FTP.LOG --> bluewolfonline.com /public_html/scouts/css/smoothness WS_FTP.LOG
2014.10.15 15:19 B C:\Users\redkey\Google Drive 2\textron OC\sitio\css\smoothness\WS_FTP.LOG --> bluewolfonline.com /public_html/admon/css/smoothness WS_FTP.LOG
2014.10.15 15:19 B C:\Users\redkey\Google Drive 2\textron OC\sitio\css\smoothness\desktop.ini --> bluewolfonline.com /public_html/admon/css/smoothness desktop.ini
2014.10.15 15:19 B C:\Users\redkey\Google Drive 2\textron OC\sitio\css\smoothness\jquery-ui-1.8.16.custom.css --> bluewolfonline.com /public_html/admon/css/smoothness jquery-ui-1.8.16.custom.css
2014.12.02 16:03 B C:\Users\redkey\Google Drive 2\textron OC\sitio\css\smoothness\WS_FTP.LOG --> ftp.creditosobrenomina.com /control/css/smoothness WS_FTP.LOG
2014.12.02 16:03 B C:\Users\redkey\Google Drive 2\textron OC\sitio\css\smoothness\desktop.ini --> ftp.creditosobrenomina.com /control/css/smoothness desktop.ini
2014.12.02 16:03 B C:\Users\redkey\Google Drive 2\textron OC\sitio\css\smoothness\jquery-ui-1.8.16.custom.css --> ftp.creditosobrenomina.com /control/css/smoothness jquery-ui-1.8.16.custom.css
2016.07.08 15:04 B C:\Users\redkey\Google Drive 2\herramientas AG\version final\css\smoothness\desktop.ini --> 184.95.45.219 /cotizador/css/smoothness desktop.ini
2016.07.08 15:04 B C:\Users\redkey\Google Drive 2\herramientas AG\version final\css\smoothness\WS_FTP.LOG --> 184.95.45.219 /cotizador/css/smoothness WS_FTP.LOG
2016.07.08 15:04 B C:\Users\redkey\Google Drive 2\herramientas AG\version final\css\smoothness\jquery-ui-1.8.16.custom.css --> 184.95.45.219 /cotizador/css/smoothness jquery-ui-1.8.16.custom.css
2016.07.12 13:38 B C:\Users\redkey\Google Drive 2\herramientas AG\version final\css\smoothness\desktop.ini --> 184.95.45.219 /cotizador_test/css/smoothness desktop.ini
2016.07.12 13:38 B C:\Users\redkey\Google Drive 2\herramientas AG\version final\css\smoothness\jquery-ui-1.8.16.custom.css --> 184.95.45.219 /cotizador_test/css/smoothness jquery-ui-1.8.16.custom.css
2016.07.12 13:38 B C:\Users\redkey\Google Drive 2\herramientas AG\version final\css\smoothness\WS_FTP.LOG --> 184.95.45.219 /cotizador_test/css/smoothness WS_FTP.LOG
2017.02.27 09:59 B C:\Users\redkey\Google Drive 2\tristone\html\css\smoothness\desktop.ini --> lacocinaestudio.com /tristone/css/smoothness desktop.ini
2017.02.27 10:00 B C:\Users\redkey\Google Drive 2\tristone\html\css\smoothness\WS_FTP.LOG --> lacocinaestudio.com /tristone/css/smoothness WS_FTP.LOG
2017.02.27 10:00 B C:\Users\redkey\Google Drive 2\tristone\html\css\smoothness\jquery-ui-1.8.16.custom.css --> lacocinaestudio.com /tristone/css/smoothness jquery-ui-1.8.16.custom.css
2017.03.28 11:16 B C:\Users\redkey\Google Drive 2\tristone_ensamble\html\css\smoothness\jquery-ui-1.8.16.custom.css --> lacocinaestudio.com /ensamble/css/smoothness jquery-ui-1.8.16.custom.css
2017.03.28 11:16 B C:\Users\redkey\Google Drive 2\tristone_ensamble\html\css\smoothness\WS_FTP.LOG --> lacocinaestudio.com /ensamble/css/smoothness WS_FTP.LOG
2017.04.25 12:21 B C:\Users\redkey\Google Drive 2\tristone_ensamble\html\css\smoothness\desktop.ini --> oldschool.com.mx /wwwtristone/cie/css/smoothness desktop.ini
2017.04.25 12:21 B C:\Users\redkey\Google Drive 2\tristone_ensamble\html\css\smoothness\WS_FTP.LOG --> oldschool.com.mx /wwwtristone/cie/css/smoothness WS_FTP.LOG
2017.04.25 12:21 B C:\Users\redkey\Google Drive 2\tristone_ensamble\html\css\smoothness\jquery-ui-1.8.16.custom.css --> oldschool.com.mx /wwwtristone/cie/css/smoothness jquery-ui-1.8.16.custom.css
2017.05.01 21:27 B C:\Users\marioalejandro\Google Drive\proyectos\triston ccm\sistema\css\smoothness\WS_FTP.LOG <-- lacocina bluehost /wwwtristone/ccm/css/smoothness WS_FTP.LOG
2017.05.04 14:25 B C:\Users\marioalejandro\Google Drive\proyectos\triston ccm\sistema\css\smoothness\jquery-ui-1.8.16.custom.css --> maspostwarehouseusers.com /public_html/sistema/css/smoothness jquery-ui-1.8.16.custom.css
