2016.09.12 16:44 B C:\Users\marioalejandro\Google Drive\proyectos\maspost\sistema\images\warehouse-storage-2-nki.jpg --> maspostwarehouse.com /public_html/sistema/images warehouse-storage-2-nki.jpg
2016.09.12 16:46 B C:\Users\marioalejandro\Google Drive\proyectos\maspost\sistema\images\border.png --> maspostwarehouse.com /public_html/sistema/images border.png
2016.09.12 16:46 B C:\Users\marioalejandro\Google Drive\proyectos\maspost\sistema\images\border1.png --> maspostwarehouse.com /public_html/sistema/images border1.png
2016.09.12 16:46 B C:\Users\marioalejandro\Google Drive\proyectos\maspost\sistema\images\border2.png --> maspostwarehouse.com /public_html/sistema/images border2.png
2016.09.12 16:46 B C:\Users\marioalejandro\Google Drive\proyectos\maspost\sistema\images\controls.png --> maspostwarehouse.com /public_html/sistema/images controls.png
2016.09.12 16:46 B C:\Users\marioalejandro\Google Drive\proyectos\maspost\sistema\images\loading.gif --> maspostwarehouse.com /public_html/sistema/images loading.gif
2016.09.12 16:46 B C:\Users\marioalejandro\Google Drive\proyectos\maspost\sistema\images\overlay.png --> maspostwarehouse.com /public_html/sistema/images overlay.png
2016.09.12 16:46 B C:\Users\marioalejandro\Google Drive\proyectos\maspost\sistema\images\spacer.gif --> maspostwarehouse.com /public_html/sistema/images spacer.gif
2016.09.12 17:11 B C:\Users\marioalejandro\Google Drive\proyectos\maspost\sistema\images\separador.png --> maspostwarehouse.com /public_html/sistema/images separador.png
2017.01.19 13:31 B C:\Users\marioalejandro\Google Drive\proyectos\maspost\sistema\images\sobre.jpg --> maspostwarehouseusers.com /public_html/sistema/images sobre.jpg
2017.01.19 13:31 B C:\Users\marioalejandro\Google Drive\proyectos\maspost\sistema\images\paquete.jpg --> maspostwarehouseusers.com /public_html/sistema/images paquete.jpg
2017.01.19 13:31 B C:\Users\marioalejandro\Google Drive\proyectos\maspost\sistema\images\pallet.jpg --> maspostwarehouseusers.com /public_html/sistema/images pallet.jpg
2017.01.19 13:31 B C:\Users\marioalejandro\Google Drive\proyectos\maspost\sistema\images\caja.jpg --> maspostwarehouseusers.com /public_html/sistema/images caja.jpg
2017.01.20 17:13 B C:\Users\marioalejandro\Google Drive\proyectos\maspost\sistema\images\close.gif --> maspostwarehouseusers.com /public_html/sistema/images close.gif
2017.01.24 13:05 B C:\Users\marioalejandro\Google Drive\proyectos\maspost\sistema\images\border.png --> maspostwarehouseusers.com /public_html/images border.png
2017.01.24 13:05 B C:\Users\marioalejandro\Google Drive\proyectos\maspost\sistema\images\border1.png --> maspostwarehouseusers.com /public_html/images border1.png
2017.01.24 13:05 B C:\Users\marioalejandro\Google Drive\proyectos\maspost\sistema\images\border2.png --> maspostwarehouseusers.com /public_html/images border2.png
2017.01.24 13:05 B C:\Users\marioalejandro\Google Drive\proyectos\maspost\sistema\images\caja.jpg --> maspostwarehouseusers.com /public_html/images caja.jpg
2017.01.24 13:05 B C:\Users\marioalejandro\Google Drive\proyectos\maspost\sistema\images\close.gif --> maspostwarehouseusers.com /public_html/images close.gif
2017.01.24 13:05 B C:\Users\marioalejandro\Google Drive\proyectos\maspost\sistema\images\controls.png --> maspostwarehouseusers.com /public_html/images controls.png
2017.01.24 13:05 B C:\Users\marioalejandro\Google Drive\proyectos\maspost\sistema\images\footer.jpg --> maspostwarehouseusers.com /public_html/images footer.jpg
2017.01.24 13:05 B C:\Users\marioalejandro\Google Drive\proyectos\maspost\sistema\images\header.jpg --> maspostwarehouseusers.com /public_html/images header.jpg
2017.01.24 13:05 B C:\Users\marioalejandro\Google Drive\proyectos\maspost\sistema\images\loading.gif --> maspostwarehouseusers.com /public_html/images loading.gif
2017.01.24 13:05 B C:\Users\marioalejandro\Google Drive\proyectos\maspost\sistema\images\overlay.png --> maspostwarehouseusers.com /public_html/images overlay.png
2017.01.24 13:05 B C:\Users\marioalejandro\Google Drive\proyectos\maspost\sistema\images\pallet.jpg --> maspostwarehouseusers.com /public_html/images pallet.jpg
2017.01.24 13:05 B C:\Users\marioalejandro\Google Drive\proyectos\maspost\sistema\images\paquete.jpg --> maspostwarehouseusers.com /public_html/images paquete.jpg
2017.01.24 13:05 B C:\Users\marioalejandro\Google Drive\proyectos\maspost\sistema\images\separador.png --> maspostwarehouseusers.com /public_html/images separador.png
2017.01.24 13:05 B C:\Users\marioalejandro\Google Drive\proyectos\maspost\sistema\images\sobre.jpg --> maspostwarehouseusers.com /public_html/images sobre.jpg
2017.01.24 13:05 B C:\Users\marioalejandro\Google Drive\proyectos\maspost\sistema\images\spacer.gif --> maspostwarehouseusers.com /public_html/images spacer.gif
2017.01.24 13:05 B C:\Users\marioalejandro\Google Drive\proyectos\maspost\sistema\images\warehouse-storage-2-nki.jpg --> maspostwarehouseusers.com /public_html/images warehouse-storage-2-nki.jpg
