2016.09.09 12:31 B C:\Users\marioalejandro\Google Drive\proyectos\maspost\publico\assets\fonts\fontawesome-webfont.eot --> maspostwarehouse.com /public_html/assets/fonts fontawesome-webfont.eot
2016.09.09 12:31 B C:\Users\marioalejandro\Google Drive\proyectos\maspost\publico\assets\fonts\fontawesome-webfont.svg --> maspostwarehouse.com /public_html/assets/fonts fontawesome-webfont.svg
2016.09.09 12:31 B C:\Users\marioalejandro\Google Drive\proyectos\maspost\publico\assets\fonts\fontawesome-webfont.ttf --> maspostwarehouse.com /public_html/assets/fonts fontawesome-webfont.ttf
2016.09.09 12:31 B C:\Users\marioalejandro\Google Drive\proyectos\maspost\publico\assets\fonts\fontawesome-webfont.woff --> maspostwarehouse.com /public_html/assets/fonts fontawesome-webfont.woff
2016.09.09 12:31 B C:\Users\marioalejandro\Google Drive\proyectos\maspost\publico\assets\fonts\fontawesome-webfont.woff2 --> maspostwarehouse.com /public_html/assets/fonts fontawesome-webfont.woff2
2016.09.09 12:31 B C:\Users\marioalejandro\Google Drive\proyectos\maspost\publico\assets\fonts\FontAwesome.otf --> maspostwarehouse.com /public_html/assets/fonts FontAwesome.otf
2016.09.09 12:31 B C:\Users\marioalejandro\Google Drive\proyectos\maspost\publico\assets\fonts\glyphicons-halflings-regular.eot --> maspostwarehouse.com /public_html/assets/fonts glyphicons-halflings-regular.eot
2016.09.09 12:31 B C:\Users\marioalejandro\Google Drive\proyectos\maspost\publico\assets\fonts\glyphicons-halflings-regular.svg --> maspostwarehouse.com /public_html/assets/fonts glyphicons-halflings-regular.svg
2016.09.09 12:31 B C:\Users\marioalejandro\Google Drive\proyectos\maspost\publico\assets\fonts\glyphicons-halflings-regular.ttf --> maspostwarehouse.com /public_html/assets/fonts glyphicons-halflings-regular.ttf
2016.09.09 12:31 B C:\Users\marioalejandro\Google Drive\proyectos\maspost\publico\assets\fonts\glyphicons-halflings-regular.woff --> maspostwarehouse.com /public_html/assets/fonts glyphicons-halflings-regular.woff
2016.09.12 16:43 B C:\Users\marioalejandro\Google Drive\proyectos\maspost\sistema\assets\fonts\fontawesome-webfont.eot --> maspostwarehouse.com /public_html/sistema/assets/fonts fontawesome-webfont.eot
2016.09.12 16:43 B C:\Users\marioalejandro\Google Drive\proyectos\maspost\sistema\assets\fonts\fontawesome-webfont.svg --> maspostwarehouse.com /public_html/sistema/assets/fonts fontawesome-webfont.svg
2016.09.12 16:43 B C:\Users\marioalejandro\Google Drive\proyectos\maspost\sistema\assets\fonts\fontawesome-webfont.ttf --> maspostwarehouse.com /public_html/sistema/assets/fonts fontawesome-webfont.ttf
2016.09.12 16:43 B C:\Users\marioalejandro\Google Drive\proyectos\maspost\sistema\assets\fonts\fontawesome-webfont.woff --> maspostwarehouse.com /public_html/sistema/assets/fonts fontawesome-webfont.woff
2016.09.12 16:43 B C:\Users\marioalejandro\Google Drive\proyectos\maspost\sistema\assets\fonts\fontawesome-webfont.woff2 --> maspostwarehouse.com /public_html/sistema/assets/fonts fontawesome-webfont.woff2
2016.09.12 16:43 B C:\Users\marioalejandro\Google Drive\proyectos\maspost\sistema\assets\fonts\FontAwesome.otf --> maspostwarehouse.com /public_html/sistema/assets/fonts FontAwesome.otf
2016.09.12 16:43 B C:\Users\marioalejandro\Google Drive\proyectos\maspost\sistema\assets\fonts\glyphicons-halflings-regular.eot --> maspostwarehouse.com /public_html/sistema/assets/fonts glyphicons-halflings-regular.eot
2016.09.12 16:43 B C:\Users\marioalejandro\Google Drive\proyectos\maspost\sistema\assets\fonts\glyphicons-halflings-regular.svg --> maspostwarehouse.com /public_html/sistema/assets/fonts glyphicons-halflings-regular.svg
2016.09.12 16:43 B C:\Users\marioalejandro\Google Drive\proyectos\maspost\sistema\assets\fonts\glyphicons-halflings-regular.ttf --> maspostwarehouse.com /public_html/sistema/assets/fonts glyphicons-halflings-regular.ttf
2016.09.12 16:43 B C:\Users\marioalejandro\Google Drive\proyectos\maspost\sistema\assets\fonts\glyphicons-halflings-regular.woff --> maspostwarehouse.com /public_html/sistema/assets/fonts glyphicons-halflings-regular.woff
2016.09.12 16:43 B C:\Users\marioalejandro\Google Drive\proyectos\maspost\sistema\assets\fonts\WS_FTP.LOG --> maspostwarehouse.com /public_html/sistema/assets/fonts WS_FTP.LOG
2017.03.10 20:58 B C:\Users\marioalejandro\Google Drive\proyectos\maspost\sistema\assets\fonts\stylesheet.css --> maspostwarehouseusers.com /public_html/sistema/assets/fonts stylesheet.css
2017.03.10 20:58 B C:\Users\marioalejandro\Google Drive\proyectos\maspost\sistema\assets\fonts\poppins-regular-webfont.woff2 --> maspostwarehouseusers.com /public_html/sistema/assets/fonts poppins-regular-webfont.woff2
2017.03.10 20:58 B C:\Users\marioalejandro\Google Drive\proyectos\maspost\sistema\assets\fonts\poppins-regular-webfont.woff --> maspostwarehouseusers.com /public_html/sistema/assets/fonts poppins-regular-webfont.woff
2017.03.10 20:58 B C:\Users\marioalejandro\Google Drive\proyectos\maspost\sistema\assets\fonts\poppins-regular-demo.html --> maspostwarehouseusers.com /public_html/sistema/assets/fonts poppins-regular-demo.html
2017.03.10 20:58 B C:\Users\marioalejandro\Google Drive\proyectos\maspost\sistema\assets\fonts\montserrat-bold-webfont.woff2 --> maspostwarehouseusers.com /public_html/sistema/assets/fonts montserrat-bold-webfont.woff2
2017.03.10 20:58 B C:\Users\marioalejandro\Google Drive\proyectos\maspost\sistema\assets\fonts\montserrat-bold-webfont.woff --> maspostwarehouseusers.com /public_html/sistema/assets/fonts montserrat-bold-webfont.woff
2017.03.10 20:58 B C:\Users\marioalejandro\Google Drive\proyectos\maspost\sistema\assets\fonts\montserrat-bold-demo.html --> maspostwarehouseusers.com /public_html/sistema/assets/fonts montserrat-bold-demo.html
2017.03.10 20:58 B C:\Users\marioalejandro\Google Drive\proyectos\maspost\sistema\assets\fonts\generator_config.txt --> maspostwarehouseusers.com /public_html/sistema/assets/fonts generator_config.txt
2017.03.10 20:58 B C:\Users\marioalejandro\Google Drive\proyectos\maspost\sistema\assets\fonts\Montserrat-Bold.otf --> maspostwarehouseusers.com /public_html/sistema/assets/fonts Montserrat-Bold.otf
